<?xml version="1.0" encoding="UTF-8"?>
<!-- Generated by org.testng.reporters.JUnitReportReporter -->
<testsuite hostname="Chinmay-PC" failures="0" tests="4" name="com.spotify.oauth2.tests.PlaylistTests" time="6.202" errors="0" timestamp="2023-02-25T17:04:51 IST" skipped="0">
  <testcase classname="com.spotify.oauth2.tests.PlaylistTests" name="shouldBeAbleToGetAPalylist" time="0.303"/>
  <system-out/>
  <testcase classname="com.spotify.oauth2.tests.PlaylistTests" name="shouldBeAbleToCreateAPalylistWithoutName" time="0.260"/>
  <system-out/>
  <testcase classname="com.spotify.oauth2.tests.PlaylistTests" name="shouldBeAbleToUpdateAPalylist" time="0.330"/>
  <system-out/>
  <testcase classname="com.spotify.oauth2.tests.PlaylistTests" name="shouldBeAbleToCreateAPalylist" time="5.309"/>
  <system-out/>
</testsuite> <!-- com.spotify.oauth2.tests.PlaylistTests -->
