<?xml version="1.0" encoding="UTF-8"?>
<!-- Generated by org.testng.reporters.JUnitReportReporter -->
<testsuite hostname="Chinmay-PC" failures="0" tests="4" name="spotify.oauth2.tests.PlaylistTests" time="4.300" errors="0" timestamp="2023-02-19T19:02:14 IST" skipped="0">
  <testcase classname="spotify.oauth2.tests.PlaylistTests" name="shouldBeAbleToUpdateAPalylist" time="0.278"/>
  <system-out/>
  <testcase classname="spotify.oauth2.tests.PlaylistTests" name="shouldBeAbleToCreateAPalylistWithoutName" time="0.362"/>
  <system-out/>
  <testcase classname="spotify.oauth2.tests.PlaylistTests" name="shouldBeAbleToCreateAPalylist" time="3.363"/>
  <system-out/>
  <testcase classname="spotify.oauth2.tests.PlaylistTests" name="shouldBeAbleToGetAPalylist" time="0.297"/>
  <system-out/>
</testsuite> <!-- spotify.oauth2.tests.PlaylistTests -->
