<?xml version="1.0" encoding="UTF-8"?>
<!-- Generated by org.testng.reporters.JUnitReportReporter -->
<testsuite hostname="Chinmay-PC" failures="0" tests="4" name="com.spotify.oauth2.tests.PlaylistTests" time="21.398" errors="0" timestamp="2023-02-25T16:54:09 IST" skipped="0">
  <testcase classname="com.spotify.oauth2.tests.PlaylistTests" name="shouldBeAbleToGetAPalylist" time="5.078"/>
  <system-out/>
  <testcase classname="com.spotify.oauth2.tests.PlaylistTests" name="shouldBeAbleToCreateAPalylistWithoutName" time="5.339"/>
  <system-out/>
  <testcase classname="com.spotify.oauth2.tests.PlaylistTests" name="shouldBeAbleToUpdateAPalylist" time="5.499"/>
  <system-out/>
  <testcase classname="com.spotify.oauth2.tests.PlaylistTests" name="shouldBeAbleToCreateAPalylist" time="5.482"/>
  <system-out/>
</testsuite> <!-- com.spotify.oauth2.tests.PlaylistTests -->
